<?xml version="1.0" encoding="UTF-8"?>
<!-- Generated by org.testng.reporters.JUnitReportReporter -->
<testsuite hostname="DESKTOP-B4IORTK" failures="0" tests="1" name="com.actitime.testscripts.ProjectModule" time="2.128" errors="0" timestamp="2025-05-07T21:14:32 IST" skipped="0">
  <testcase classname="com.actitime.testscripts.ProjectModule" name="createProject" time="2.128">
    <system-out>
      <![CDATA[createProject]]>
    </system-out>
  </testcase> <!-- createProject -->
  <system-out>
    <![CDATA[openBrowser
login
createProject
logout
closeBrowser]]>
  </system-out>
</testsuite> <!-- com.actitime.testscripts.ProjectModule -->
